<?xml version="1.0" encoding="UTF-8"?>
<coverage generated="1311872139">
  <project timestamp="1311872139">
    <file name="/home/cordoval/sites-2/FormModelProjectBundle/src/Cordova/Bundle/PhpSpecBundle/Controller/DefaultController.php">
      <class name="DefaultController" namespace="global">
        <metrics methods="1" coveredmethods="1" conditionals="0" coveredconditionals="0" statements="1" coveredstatements="1" elements="2" coveredelements="2"/>
      </class>
      <line num="9" type="stmt" count="1"/>
      <line num="11" type="method" name="indexAction" crap="1" count="2"/>
      <line num="13" type="stmt" count="2"/>
      <line num="16" type="stmt" count="1"/>
      <metrics loc="15" ncloc="15" classes="1" methods="1" coveredmethods="1" conditionals="0" coveredconditionals="0" statements="3" coveredstatements="3" elements="4" coveredelements="4"/>
    </file>
    <file name="/home/cordoval/sites-2/FormModelProjectBundle/src/Cordova/Bundle/PhpSpecBundle/CordovaPhpSpecBundle.php">
      <class name="CordovaPhpSpecBundle" namespace="global">
        <metrics methods="0" coveredmethods="0" conditionals="0" coveredconditionals="0" statements="0" coveredstatements="0" elements="0" coveredelements="0"/>
      </class>
      <line num="8" type="stmt" count="0"/>
      <line num="10" type="stmt" count="0"/>
      <metrics loc="9" ncloc="9" classes="1" methods="0" coveredmethods="0" conditionals="0" coveredconditionals="0" statements="2" coveredstatements="0" elements="2" coveredelements="0"/>
    </file>
    <file name="/home/cordoval/sites-2/FormModelProjectBundle/src/Cordova/Bundle/PhpSpecBundle/DependencyInjection/Configuration.php">
      <class name="Configuration" namespace="global">
        <metrics methods="1" coveredmethods="0" conditionals="0" coveredconditionals="0" statements="3" coveredstatements="0" elements="4" coveredelements="0"/>
      </class>
      <line num="13" type="stmt" count="0"/>
      <line num="18" type="method" name="getConfigTreeBuilder" crap="2" count="0"/>
      <line num="20" type="stmt" count="0"/>
      <line num="21" type="stmt" count="0"/>
      <line num="27" type="stmt" count="0"/>
      <line num="30" type="stmt" count="0"/>
      <metrics loc="29" ncloc="15" classes="1" methods="1" coveredmethods="0" conditionals="0" coveredconditionals="0" statements="5" coveredstatements="0" elements="6" coveredelements="0"/>
    </file>
    <file name="/home/cordoval/sites-2/FormModelProjectBundle/src/Cordova/Bundle/PhpSpecBundle/DependencyInjection/CordovaPhpSpecExtension.php">
      <class name="CordovaPhpSpecExtension" namespace="global">
        <metrics methods="1" coveredmethods="0" conditionals="0" coveredconditionals="0" statements="5" coveredstatements="0" elements="6" coveredelements="0"/>
      </class>
      <line num="16" type="stmt" count="0"/>
      <line num="20" type="method" name="load" crap="2" count="0"/>
      <line num="22" type="stmt" count="0"/>
      <line num="23" type="stmt" count="0"/>
      <line num="25" type="stmt" count="0"/>
      <line num="26" type="stmt" count="0"/>
      <line num="27" type="stmt" count="0"/>
      <line num="29" type="stmt" count="0"/>
      <metrics loc="28" ncloc="20" classes="1" methods="1" coveredmethods="0" conditionals="0" coveredconditionals="0" statements="7" coveredstatements="0" elements="8" coveredelements="0"/>
    </file>
    <metrics files="4" loc="81" ncloc="59" classes="4" methods="3" coveredmethods="1" conditionals="0" coveredconditionals="0" statements="17" coveredstatements="3" elements="20" coveredelements="4"/>
  </project>
</coverage>
